<?xml version="1.0" encoding="UTF-8"?>
<!-- Generated by org.testng.reporters.JUnitXMLReporter -->
<testsuite ignored="0" hostname="DESKTOP-16JJG09" failures="0" tests="3" name="Test" time="11.338" errors="0" timestamp="2025-08-08T09:45:01 IST">
  <testcase classname="testscript.NewsTest" name="verifyAddNews" time="2.555"/>
  <testcase classname="testscript.NewsTest" name="verifyReset" time="1.233"/>
  <testcase classname="testscript.NewsTest" name="verifySearchNews" time="1.411"/>
</testsuite> <!-- Test -->
