<?xml version="1.0" encoding="UTF-8"?>
<!-- Generated by org.testng.reporters.JUnitXMLReporter -->
<testsuite ignored="2" hostname="DESKTOP-16JJG09" failures="0" tests="1" name="ChromeTest" time="6.562" errors="0" timestamp="2025-08-04T15:28:53 IST">
  <testcase classname="testscript.AdminTest" name="verifyReset" time="3.462"/>
  <testcase classname="testscript.AdminTest" name="verifyUserAbleToAddUser" time="0.0">
    <ignored/>
  </testcase> <!-- verifyUserAbleToAddUser -->
  <testcase classname="testscript.AdminTest" name="verifySearch" time="0.0">
    <ignored/>
  </testcase> <!-- verifySearch -->
</testsuite> <!-- ChromeTest -->
