<?xml version="1.0" encoding="UTF-8"?>
<!-- Generated by org.testng.reporters.JUnitXMLReporter -->
<testsuite ignored="0" hostname="DESKTOP-16JJG09" failures="0" tests="11" name="EdgeTest" time="2.22" errors="0" timestamp="2025-08-04T11:43:29 IST">
  <testcase classname="testscript.LoginTest" name="verifyWhetherUserIsAbleToLoginWithValidCredential" time="0.0">
    <skipped/>
  </testcase> <!-- verifyWhetherUserIsAbleToLoginWithValidCredential -->
  <testcase classname="testscript.LoginTest" name="verifyWhetherUserIsAbleToLoginWithValidPasswordInvalidUsername" time="0.0">
    <skipped/>
  </testcase> <!-- verifyWhetherUserIsAbleToLoginWithValidPasswordInvalidUsername -->
  <testcase classname="testscript.LoginTest" name="verifyWhetherUserIsAbleToLoginWithInValidPasswordValidUsername" time="0.001">
    <skipped/>
  </testcase> <!-- verifyWhetherUserIsAbleToLoginWithInValidPasswordValidUsername -->
  <testcase classname="testscript.LoginTest" name="verifyWhetherUserIsAbleToLoginWithInValidPasswordInValidUsername" time="0.0">
    <skipped/>
  </testcase> <!-- verifyWhetherUserIsAbleToLoginWithInValidPasswordInValidUsername -->
  <testcase classname="testscript.HomeTest" name="verifyWhetherUserAbleToLogout" time="0.0">
    <skipped/>
  </testcase> <!-- verifyWhetherUserAbleToLogout -->
  <testcase classname="testscript.AdminTest" name="verifyReset" time="0.0">
    <skipped/>
  </testcase> <!-- verifyReset -->
  <testcase classname="testscript.AdminTest" name="verifySearch" time="0.0">
    <skipped/>
  </testcase> <!-- verifySearch -->
  <testcase classname="testscript.AdminTest" name="verifyUserAbleToAddUser" time="0.0">
    <skipped/>
  </testcase> <!-- verifyUserAbleToAddUser -->
  <testcase classname="testscript.NewsTest" name="verifyAddNews" time="0.0">
    <skipped/>
  </testcase> <!-- verifyAddNews -->
  <testcase classname="testscript.NewsTest" name="verifyReset" time="0.0">
    <skipped/>
  </testcase> <!-- verifyReset -->
  <testcase classname="testscript.NewsTest" name="verifySearchNews" time="0.0">
    <skipped/>
  </testcase> <!-- verifySearchNews -->
</testsuite> <!-- EdgeTest -->
