<?xml version="1.0" encoding="UTF-8"?>
<!-- Generated by org.testng.reporters.JUnitXMLReporter -->
<testsuite ignored="3" hostname="DESKTOP-16JJG09" failures="0" tests="1" name="Test2" time="9.873" errors="0" timestamp="2025-08-05T11:43:50 IST">
  <testcase classname="testscript.LoginTest" name="verifyWhetherUserIsAbleToLoginWithValidCredential" time="1.126"/>
  <testcase classname="testscript.LoginTest" name="verifyWhetherUserIsAbleToLoginWithInValidPasswordInValidUsername" time="0.0">
    <ignored/>
  </testcase> <!-- verifyWhetherUserIsAbleToLoginWithInValidPasswordInValidUsername -->
  <testcase classname="testscript.LoginTest" name="verifyWhetherUserIsAbleToLoginWithInValidPasswordValidUsername" time="0.0">
    <ignored/>
  </testcase> <!-- verifyWhetherUserIsAbleToLoginWithInValidPasswordValidUsername -->
  <testcase classname="testscript.LoginTest" name="verifyWhetherUserIsAbleToLoginWithValidPasswordInvalidUsername" time="0.0">
    <ignored/>
  </testcase> <!-- verifyWhetherUserIsAbleToLoginWithValidPasswordInvalidUsername -->
</testsuite> <!-- Test2 -->
