<?xml version="1.0" encoding="UTF-8"?>
<!-- Generated by org.testng.reporters.JUnitXMLReporter -->
<testsuite ignored="2" hostname="DESKTOP-16JJG09" failures="0" tests="1" name="Default test" time="7.112" errors="0" timestamp="2025-08-01T18:26:20 IST">
  <testcase classname="testscript.AdminTest" name="verifyUserAbleToAddUser" time="3.861"/>
  <testcase classname="testscript.AdminTest" name="verifySearch" time="0.0">
    <ignored/>
  </testcase> <!-- verifySearch -->
  <testcase classname="testscript.AdminTest" name="verifyReset" time="0.0">
    <ignored/>
  </testcase> <!-- verifyReset -->
</testsuite> <!-- Default test -->
