<?xml version="1.0" encoding="UTF-8"?>
<!-- Generated by org.testng.reporters.JUnitXMLReporter -->
<testsuite ignored="2" hostname="DESKTOP-16JJG09" failures="0" tests="1" name="Default test" time="8.565" errors="0" timestamp="2025-07-28T13:36:20 IST">
  <testcase classname="testscript.AdminTest" name="verifyUserAbleToAddUser" time="5.446"/>
  <testcase classname="testscript.AdminTest" name="verifySearch" time="0.0">
    <ignored/>
  </testcase> <!-- verifySearch -->
  <testcase classname="testscript.AdminTest" name="verifyReset" time="0.0">
    <ignored/>
  </testcase> <!-- verifyReset -->
</testsuite> <!-- Default test -->
